2022/06/08 14:07:37 [notice] 1#1: using the "epoll" event method
2022/06/08 14:07:37 [notice] 1#1: nginx/1.21.6
2022/06/08 14:07:37 [notice] 1#1: built by gcc 10.2.1 20210110 (Debian 10.2.1-6) 
2022/06/08 14:07:37 [notice] 1#1: OS: Linux 5.10.16.3-microsoft-standard-WSL2
2022/06/08 14:07:37 [notice] 1#1: getrlimit(RLIMIT_NOFILE): 1048576:1048576
2022/06/08 14:07:37 [notice] 1#1: start worker processes
2022/06/08 14:07:37 [notice] 1#1: start worker process 30
2022/06/08 14:07:37 [notice] 1#1: start worker process 31
2022/06/08 14:07:37 [notice] 1#1: start worker process 32
2022/06/08 14:07:37 [notice] 1#1: start worker process 33
2022/06/08 14:14:31 [notice] 1#1: signal 3 (SIGQUIT) received, shutting down
2022/06/08 14:14:31 [notice] 30#30: gracefully shutting down
2022/06/08 14:14:31 [notice] 31#31: gracefully shutting down
2022/06/08 14:14:31 [notice] 32#32: gracefully shutting down
2022/06/08 14:14:31 [notice] 33#33: gracefully shutting down
2022/06/08 14:14:31 [notice] 30#30: exiting
2022/06/08 14:14:31 [notice] 31#31: exiting
2022/06/08 14:14:31 [notice] 32#32: exiting
2022/06/08 14:14:31 [notice] 33#33: exiting
2022/06/08 14:14:31 [notice] 30#30: exit
2022/06/08 14:14:31 [notice] 31#31: exit
2022/06/08 14:14:31 [notice] 32#32: exit
2022/06/08 14:14:31 [notice] 33#33: exit
2022/06/08 14:14:31 [notice] 1#1: signal 17 (SIGCHLD) received from 33
2022/06/08 14:14:31 [notice] 1#1: worker process 32 exited with code 0
2022/06/08 14:14:31 [notice] 1#1: worker process 33 exited with code 0
2022/06/08 14:14:31 [notice] 1#1: signal 29 (SIGIO) received
2022/06/08 14:14:31 [notice] 1#1: signal 17 (SIGCHLD) received from 32
2022/06/08 14:14:31 [notice] 1#1: signal 17 (SIGCHLD) received from 30
2022/06/08 14:14:31 [notice] 1#1: worker process 30 exited with code 0
2022/06/08 14:14:31 [notice] 1#1: worker process 31 exited with code 0
2022/06/08 14:14:31 [notice] 1#1: exit
2022/06/08 14:15:15 [notice] 1#1: using the "epoll" event method
2022/06/08 14:15:15 [notice] 1#1: nginx/1.21.6
2022/06/08 14:15:15 [notice] 1#1: built by gcc 10.2.1 20210110 (Debian 10.2.1-6) 
2022/06/08 14:15:15 [notice] 1#1: OS: Linux 5.10.16.3-microsoft-standard-WSL2
2022/06/08 14:15:15 [notice] 1#1: getrlimit(RLIMIT_NOFILE): 1048576:1048576
2022/06/08 14:15:15 [notice] 1#1: start worker processes
2022/06/08 14:15:15 [notice] 1#1: start worker process 30
2022/06/08 14:15:15 [notice] 1#1: start worker process 31
2022/06/08 14:15:15 [notice] 1#1: start worker process 32
2022/06/08 14:15:15 [notice] 1#1: start worker process 33
2022/06/08 18:31:34 [notice] 1#1: signal 3 (SIGQUIT) received, shutting down
2022/06/08 18:31:34 [notice] 31#31: gracefully shutting down
2022/06/08 18:31:34 [notice] 32#32: gracefully shutting down
2022/06/08 18:31:34 [notice] 30#30: gracefully shutting down
2022/06/08 18:31:34 [notice] 31#31: exiting
2022/06/08 18:31:34 [notice] 32#32: exiting
2022/06/08 18:31:34 [notice] 30#30: exiting
2022/06/08 18:31:34 [notice] 33#33: gracefully shutting down
2022/06/08 18:31:34 [notice] 31#31: exit
2022/06/08 18:31:34 [notice] 32#32: exit
2022/06/08 18:31:34 [notice] 30#30: exit
2022/06/08 18:31:34 [notice] 33#33: exiting
2022/06/08 18:31:34 [notice] 33#33: exit
2022/06/08 18:31:34 [notice] 1#1: signal 17 (SIGCHLD) received from 33
2022/06/08 18:31:34 [notice] 1#1: worker process 32 exited with code 0
2022/06/08 18:31:34 [notice] 1#1: worker process 33 exited with code 0
2022/06/08 18:31:34 [notice] 1#1: worker process 30 exited with code 0
2022/06/08 18:31:34 [notice] 1#1: signal 29 (SIGIO) received
2022/06/08 18:31:34 [notice] 1#1: signal 17 (SIGCHLD) received from 32
2022/06/08 18:31:34 [notice] 1#1: signal 17 (SIGCHLD) received from 31
2022/06/08 18:31:34 [notice] 1#1: worker process 31 exited with code 0
2022/06/08 18:31:34 [notice] 1#1: exit
2022/06/08 18:37:51 [notice] 1#1: using the "epoll" event method
2022/06/08 18:37:51 [notice] 1#1: nginx/1.21.6
2022/06/08 18:37:51 [notice] 1#1: built by gcc 10.2.1 20210110 (Debian 10.2.1-6) 
2022/06/08 18:37:51 [notice] 1#1: OS: Linux 5.10.16.3-microsoft-standard-WSL2
2022/06/08 18:37:51 [notice] 1#1: getrlimit(RLIMIT_NOFILE): 1048576:1048576
2022/06/08 18:37:51 [notice] 1#1: start worker processes
2022/06/08 18:37:51 [notice] 1#1: start worker process 30
2022/06/08 18:37:51 [notice] 1#1: start worker process 31
2022/06/08 18:37:51 [notice] 1#1: start worker process 32
2022/06/08 18:37:51 [notice] 1#1: start worker process 33
2022/06/08 18:39:45 [notice] 1#1: signal 3 (SIGQUIT) received, shutting down
2022/06/08 18:39:45 [notice] 33#33: gracefully shutting down
2022/06/08 18:39:45 [notice] 30#30: gracefully shutting down
2022/06/08 18:39:45 [notice] 31#31: gracefully shutting down
2022/06/08 18:39:45 [notice] 32#32: gracefully shutting down
2022/06/08 18:39:45 [notice] 33#33: exiting
2022/06/08 18:39:45 [notice] 30#30: exiting
2022/06/08 18:39:45 [notice] 31#31: exiting
2022/06/08 18:39:45 [notice] 33#33: exit
2022/06/08 18:39:45 [notice] 30#30: exit
2022/06/08 18:39:45 [notice] 31#31: exit
2022/06/08 18:39:45 [notice] 32#32: exiting
2022/06/08 18:39:45 [notice] 32#32: exit
2022/06/08 18:39:45 [notice] 1#1: signal 17 (SIGCHLD) received from 33
2022/06/08 18:39:45 [notice] 1#1: worker process 33 exited with code 0
2022/06/08 18:39:45 [notice] 1#1: signal 29 (SIGIO) received
2022/06/08 18:39:45 [notice] 1#1: signal 17 (SIGCHLD) received from 31
2022/06/08 18:39:45 [notice] 1#1: worker process 31 exited with code 0
2022/06/08 18:39:45 [notice] 1#1: worker process 32 exited with code 0
2022/06/08 18:39:45 [notice] 1#1: signal 29 (SIGIO) received
2022/06/08 18:39:45 [notice] 1#1: signal 17 (SIGCHLD) received from 32
2022/06/08 18:39:45 [notice] 1#1: signal 17 (SIGCHLD) received from 30
2022/06/08 18:39:45 [notice] 1#1: worker process 30 exited with code 0
2022/06/08 18:39:45 [notice] 1#1: exit
2022/06/08 18:40:06 [notice] 1#1: using the "epoll" event method
2022/06/08 18:40:06 [notice] 1#1: nginx/1.21.6
2022/06/08 18:40:06 [notice] 1#1: built by gcc 10.2.1 20210110 (Debian 10.2.1-6) 
2022/06/08 18:40:06 [notice] 1#1: OS: Linux 5.10.16.3-microsoft-standard-WSL2
2022/06/08 18:40:06 [notice] 1#1: getrlimit(RLIMIT_NOFILE): 1048576:1048576
2022/06/08 18:40:06 [notice] 1#1: start worker processes
2022/06/08 18:40:06 [notice] 1#1: start worker process 30
2022/06/08 18:40:06 [notice] 1#1: start worker process 31
2022/06/08 18:40:06 [notice] 1#1: start worker process 32
2022/06/08 18:40:06 [notice] 1#1: start worker process 33
2022/06/08 18:42:20 [notice] 1#1: signal 3 (SIGQUIT) received, shutting down
2022/06/08 18:42:20 [notice] 30#30: gracefully shutting down
2022/06/08 18:42:20 [notice] 31#31: gracefully shutting down
2022/06/08 18:42:20 [notice] 33#33: gracefully shutting down
2022/06/08 18:42:20 [notice] 33#33: exiting
2022/06/08 18:42:20 [notice] 32#32: gracefully shutting down
2022/06/08 18:42:20 [notice] 30#30: exiting
2022/06/08 18:42:20 [notice] 31#31: exiting
2022/06/08 18:42:20 [notice] 33#33: exit
2022/06/08 18:42:20 [notice] 32#32: exiting
2022/06/08 18:42:20 [notice] 30#30: exit
2022/06/08 18:42:20 [notice] 31#31: exit
2022/06/08 18:42:20 [notice] 32#32: exit
2022/06/08 18:42:20 [notice] 1#1: signal 17 (SIGCHLD) received from 30
2022/06/08 18:42:20 [notice] 1#1: worker process 30 exited with code 0
2022/06/08 18:42:20 [notice] 1#1: worker process 31 exited with code 0
2022/06/08 18:42:20 [notice] 1#1: worker process 32 exited with code 0
2022/06/08 18:42:20 [notice] 1#1: worker process 33 exited with code 0
2022/06/08 18:42:20 [notice] 1#1: exit
2022/06/08 18:46:40 [notice] 1#1: using the "epoll" event method
2022/06/08 18:46:40 [notice] 1#1: nginx/1.21.6
2022/06/08 18:46:40 [notice] 1#1: built by gcc 10.2.1 20210110 (Debian 10.2.1-6) 
2022/06/08 18:46:40 [notice] 1#1: OS: Linux 5.10.16.3-microsoft-standard-WSL2
2022/06/08 18:46:40 [notice] 1#1: getrlimit(RLIMIT_NOFILE): 1048576:1048576
2022/06/08 18:46:40 [notice] 1#1: start worker processes
2022/06/08 18:46:40 [notice] 1#1: start worker process 30
2022/06/08 18:46:40 [notice] 1#1: start worker process 31
2022/06/08 18:46:40 [notice] 1#1: start worker process 32
2022/06/08 18:46:40 [notice] 1#1: start worker process 33
2022/06/08 19:09:01 [notice] 1#1: signal 3 (SIGQUIT) received, shutting down
2022/06/08 19:09:01 [notice] 30#30: gracefully shutting down
2022/06/08 19:09:01 [notice] 32#32: gracefully shutting down
2022/06/08 19:09:01 [notice] 31#31: gracefully shutting down
2022/06/08 19:09:01 [notice] 33#33: gracefully shutting down
2022/06/08 19:09:01 [notice] 30#30: exiting
2022/06/08 19:09:01 [notice] 32#32: exiting
2022/06/08 19:09:01 [notice] 33#33: exiting
2022/06/08 19:09:01 [notice] 31#31: exiting
2022/06/08 19:09:01 [notice] 32#32: exit
2022/06/08 19:09:01 [notice] 30#30: exit
2022/06/08 19:09:01 [notice] 33#33: exit
2022/06/08 19:09:01 [notice] 31#31: exit
2022/06/08 19:09:01 [notice] 1#1: signal 17 (SIGCHLD) received from 30
2022/06/08 19:09:01 [notice] 1#1: worker process 30 exited with code 0
2022/06/08 19:09:01 [notice] 1#1: worker process 31 exited with code 0
2022/06/08 19:09:01 [notice] 1#1: signal 29 (SIGIO) received
2022/06/08 19:09:01 [notice] 1#1: signal 17 (SIGCHLD) received from 32
2022/06/08 19:09:01 [notice] 1#1: worker process 32 exited with code 0
2022/06/08 19:09:01 [notice] 1#1: worker process 33 exited with code 0
2022/06/08 19:09:01 [notice] 1#1: exit
2022/06/08 19:09:48 [notice] 1#1: using the "epoll" event method
2022/06/08 19:09:48 [notice] 1#1: nginx/1.21.6
2022/06/08 19:09:48 [notice] 1#1: built by gcc 10.2.1 20210110 (Debian 10.2.1-6) 
2022/06/08 19:09:48 [notice] 1#1: OS: Linux 5.10.16.3-microsoft-standard-WSL2
2022/06/08 19:09:48 [notice] 1#1: getrlimit(RLIMIT_NOFILE): 1048576:1048576
2022/06/08 19:09:48 [notice] 1#1: start worker processes
2022/06/08 19:09:48 [notice] 1#1: start worker process 30
2022/06/08 19:09:48 [notice] 1#1: start worker process 31
2022/06/08 19:09:48 [notice] 1#1: start worker process 32
2022/06/08 19:09:48 [notice] 1#1: start worker process 33
2022/06/11 10:10:49 [notice] 1#1: using the "epoll" event method
2022/06/11 10:10:49 [notice] 1#1: nginx/1.21.6
2022/06/11 10:10:49 [notice] 1#1: built by gcc 10.2.1 20210110 (Debian 10.2.1-6) 
2022/06/11 10:10:49 [notice] 1#1: OS: Linux 5.10.16.3-microsoft-standard-WSL2
2022/06/11 10:10:49 [notice] 1#1: getrlimit(RLIMIT_NOFILE): 1048576:1048576
2022/06/11 10:10:49 [notice] 1#1: start worker processes
2022/06/11 10:10:49 [notice] 1#1: start worker process 30
2022/06/11 10:10:49 [notice] 1#1: start worker process 31
2022/06/11 10:10:49 [notice] 1#1: start worker process 32
2022/06/11 10:10:49 [notice] 1#1: start worker process 33
